<?xml version="1.0" encoding="UTF-8"?>
<!-- Generated by org.testng.reporters.JUnitReportReporter -->
<testsuite hostname="DESKTOP-I4FDV2H" failures="0" tests="8" name="AddReview" time="40.976" errors="0" timestamp="2024-08-16T21:21:05 EET" skipped="1">
  <testcase classname="AddReview" name="CreateAccount" time="10.371"/>
  <system-out/>
  <testcase classname="AddReview" name="WomanList" time="2.387"/>
  <system-out/>
  <testcase classname="AddReview" name="ListOfItems" time="2.426"/>
  <system-out/>
  <testcase classname="AddReview" name="SelectSize" time="1.183"/>
  <system-out/>
  <testcase classname="AddReview" name="SelectColor" time="0.551"/>
  <system-out/>
  <testcase classname="AddReview" name="SubmitButton" time="3.593"/>
  <system-out/>
  <testcase classname="AddReview" name="review" time="20.465"/>
  <system-out/>
  <testcase classname="AddReview" name="MoreInformation">
    <skipped/>
  </testcase> <!-- MoreInformation -->
  <system-out/>
</testsuite> <!-- AddReview -->
